<?xml version="1.0" encoding="UTF-8"?>
<!-- Generated by org.testng.reporters.JUnitXMLReporter -->
<testsuite hostname="sunarctech" ignored="0" name="Command line test" tests="6" failures="0" timestamp="2020-06-08T12:42:24 IST" time="0.088" errors="0">
  <testcase name="BrowserAutomation" time="0.009" classname="qaclickacademy.Mavenjava.SeleniumTest"/>
  <testcase name="elementsUI" time="0.001" classname="qaclickacademy.Mavenjava.SeleniumTest"/>
  <testcase name="IOSApps" time="0.001" classname="qaclickacademy.Mavenjava.AppiumTest"/>
  <testcase name="NativeApps" time="0.0" classname="qaclickacademy.Mavenjava.AppiumTest"/>
  <testcase name="deleteTwitter" time="0.002" classname="qaclickacademy.Mavenjava.RESTApiTest"/>
  <testcase name="postJira" time="0.001" classname="qaclickacademy.Mavenjava.RESTApiTest"/>
</testsuite> <!-- Command line test -->
