<?xml version="1.0" encoding="UTF-8"?>
<!-- Generated by org.testng.reporters.JUnitXMLReporter -->
<testsuite ignored="0" hostname="sunarctech" failures="0" tests="4" name="Test" time="0.062" errors="0" timestamp="2020-06-02T12:19:04 IST">
  <testcase classname="qaclickacademy.Mavenjava.RESTApiTest" name="deleteTwitter" time="0.006"/>
  <testcase classname="qaclickacademy.Mavenjava.RESTApiTest" name="postJira" time="0.0"/>
  <testcase classname="qaclickacademy.Mavenjava.SeleniumTest" name="BrowserAutomation" time="0.001"/>
  <testcase classname="qaclickacademy.Mavenjava.SeleniumTest" name="elementsUI" time="0.0"/>
</testsuite> <!-- Test -->
