<?xml version="1.0" encoding="UTF-8"?>
<testng-results skipped="0" failed="0" ignored="0" total="6" passed="6">
  <reporter-output>
  </reporter-output>
  <suite name="Command line suite" duration-ms="88" started-at="2020-06-08T12:42:23 IST" finished-at="2020-06-08T12:42:23 IST">
    <groups>
    </groups>
    <test name="Command line test" duration-ms="88" started-at="2020-06-08T12:42:23 IST" finished-at="2020-06-08T12:42:23 IST">
      <class name="qaclickacademy.Mavenjava.RESTApiTest">
        <test-method status="PASS" signature="deleteTwitter()[pri:0, instance:qaclickacademy.Mavenjava.RESTApiTest@3a5ed7a6]" name="deleteTwitter" duration-ms="2" started-at="2020-06-08T12:42:23 IST" finished-at="2020-06-08T12:42:23 IST">
          <reporter-output>
          </reporter-output>
        </test-method> <!-- deleteTwitter -->
        <test-method status="PASS" signature="postJira()[pri:0, instance:qaclickacademy.Mavenjava.RESTApiTest@3a5ed7a6]" name="postJira" duration-ms="1" started-at="2020-06-08T12:42:23 IST" finished-at="2020-06-08T12:42:23 IST">
          <reporter-output>
          </reporter-output>
        </test-method> <!-- postJira -->
      </class> <!-- qaclickacademy.Mavenjava.RESTApiTest -->
      <class name="qaclickacademy.Mavenjava.AppiumTest">
        <test-method status="PASS" signature="IOSApps()[pri:0, instance:qaclickacademy.Mavenjava.AppiumTest@7791a895]" name="IOSApps" duration-ms="1" started-at="2020-06-08T12:42:23 IST" finished-at="2020-06-08T12:42:23 IST">
          <reporter-output>
          </reporter-output>
        </test-method> <!-- IOSApps -->
        <test-method status="PASS" signature="NativeApps()[pri:0, instance:qaclickacademy.Mavenjava.AppiumTest@7791a895]" name="NativeApps" duration-ms="0" started-at="2020-06-08T12:42:23 IST" finished-at="2020-06-08T12:42:23 IST">
          <reporter-output>
          </reporter-output>
        </test-method> <!-- NativeApps -->
      </class> <!-- qaclickacademy.Mavenjava.AppiumTest -->
      <class name="qaclickacademy.Mavenjava.SeleniumTest">
        <test-method status="PASS" signature="BrowserAutomation()[pri:0, instance:qaclickacademy.Mavenjava.SeleniumTest@7d907bac]" name="BrowserAutomation" duration-ms="9" started-at="2020-06-08T12:42:23 IST" finished-at="2020-06-08T12:42:23 IST">
          <reporter-output>
          </reporter-output>
        </test-method> <!-- BrowserAutomation -->
        <test-method status="PASS" signature="elementsUI()[pri:0, instance:qaclickacademy.Mavenjava.SeleniumTest@7d907bac]" name="elementsUI" duration-ms="1" started-at="2020-06-08T12:42:23 IST" finished-at="2020-06-08T12:42:23 IST">
          <reporter-output>
          </reporter-output>
        </test-method> <!-- elementsUI -->
      </class> <!-- qaclickacademy.Mavenjava.SeleniumTest -->
    </test> <!-- Command line test -->
  </suite> <!-- Command line suite -->
</testng-results>
